<?xml version="1.0" encoding="UTF-8"?>
<!-- Generated by org.testng.reporters.JUnitXMLReporter -->
<testsuite ignored="0" hostname="DESKTOP-KUAGG3R" failures="0" tests="4" name="classes" time="0.107" errors="0" timestamp="2021-11-23T11:51:04 IST">
  <testcase classname="test.Pack.TestClass1" name="testA" time="0.007"/>
  <testcase classname="test.Pack.TestClass1" name="testB" time="0.003"/>
  <testcase classname="test.Pack.TestClass2" name="testA" time="0.001"/>
  <testcase classname="test.Pack.TestClass2" name="testB" time="0.001"/>
</testsuite> <!-- classes -->
