<?xml version="1.0" encoding="UTF-8"?>
<!-- Generated by org.testng.reporters.JUnitXMLReporter -->
<testsuite ignored="0" hostname="DESKTOP-KUAGG3R" failures="0" tests="4" name="test123" time="0.105" errors="0" timestamp="2021-11-23T12:25:26 IST">
  <testcase classname="test.Pack.TestClass2" name="testA" time="0.009"/>
  <testcase classname="test.Pack.TestClass2" name="testB" time="0.002"/>
  <testcase classname="test.Pack.TestClass1" name="testA" time="0.002"/>
  <testcase classname="test.Pack.TestClass1" name="testB" time="0.002"/>
</testsuite> <!-- test123 -->
