<?xml version="1.0" encoding="UTF-8"?>
<!-- Generated by org.testng.reporters.JUnitXMLReporter -->
<testsuite ignored="0" hostname="DESKTOP-KUAGG3R" failures="0" tests="1" name="FireFox" time="0.119" errors="0" timestamp="2021-11-24T13:05:55 IST">
  <testcase classname="test.Pack.ToVerifyLoginOfAmazon" name="@BeforeTest launchBrowser" time="0.02">
    <failure type="java.lang.NullPointerException">
      <![CDATA[java.lang.NullPointerException
at test.Pack.ToVerifyLoginOfAmazon.launchBrowser(ToVerifyLoginOfAmazon.java:44)
at java.base/java.util.concurrent.FutureTask.run(FutureTask.java:264)
at java.base/java.util.concurrent.ThreadPoolExecutor.runWorker(ThreadPoolExecutor.java:1128)
at java.base/java.util.concurrent.ThreadPoolExecutor$Worker.run(ThreadPoolExecutor.java:628)
at java.base/java.lang.Thread.run(Thread.java:834)
... Removed 15 stack frames]]>
    </failure>
  </testcase> <!-- @BeforeTest launchBrowser -->
  <testcase classname="test.Pack.ToVerifyLoginOfAmazon" name="@BeforeClass launchApplication" time="-1.637739355618E9">
    <skipped/>
  </testcase> <!-- @BeforeClass launchApplication -->
  <testcase classname="test.Pack.ToVerifyLoginOfAmazon" name="@BeforeMethod loginToAmazon" time="-1.637739355639E9">
    <skipped/>
  </testcase> <!-- @BeforeMethod loginToAmazon -->
  <testcase classname="test.Pack.ToVerifyLoginOfAmazon" name="@AfterMethod LogoutAmazon" time="-1.63773935565E9">
    <skipped/>
  </testcase> <!-- @AfterMethod LogoutAmazon -->
  <testcase classname="test.Pack.ToVerifyLoginOfAmazon" name="@AfterClass clear" time="-1.637739355655E9">
    <skipped/>
  </testcase> <!-- @AfterClass clear -->
  <testcase classname="test.Pack.ToVerifyLoginOfAmazon" name="@AfterTest closedBrowser" time="-1.637739355661E9">
    <skipped/>
  </testcase> <!-- @AfterTest closedBrowser -->
  <testcase classname="test.Pack.ToVerifyLoginOfAmazon" name="clickOnAll" time="0.0">
    <skipped/>
  </testcase> <!-- clickOnAll -->
</testsuite> <!-- FireFox -->
